<?xml version="1.0" encoding="UTF-8"?>
<testng-results skipped="0" failed="0" total="1" passed="1">
  <reporter-output>
  </reporter-output>
  <suite name="Default suite" duration-ms="35774" started-at="2015-05-04T16:36:20Z" finished-at="2015-05-04T16:36:56Z">
    <groups>
    </groups>
    <test name="Default test" duration-ms="35774" started-at="2015-05-04T16:36:20Z" finished-at="2015-05-04T16:36:56Z">
      <class name="iosipov.pages.ActionsTest">
        <test-method status="PASS" signature="init()[pri:0, instance:iosipov.pages.ActionsTest@4cdbe50f]" name="init" is-config="true" duration-ms="1772" started-at="2015-05-04T20:36:20Z" finished-at="2015-05-04T20:36:22Z">
          <reporter-output>
          </reporter-output>
        </test-method> <!-- init -->
        <test-method status="PASS" signature="addTest()[pri:0, instance:iosipov.pages.ActionsTest@4cdbe50f]" name="addTest" duration-ms="33975" started-at="2015-05-04T20:36:22Z" finished-at="2015-05-04T20:36:56Z">
          <reporter-output>
          </reporter-output>
        </test-method> <!-- addTest -->
        <test-method status="PASS" signature="tearDown()[pri:0, instance:iosipov.pages.ActionsTest@4cdbe50f]" name="tearDown" is-config="true" duration-ms="1" started-at="2015-05-04T20:36:57Z" finished-at="2015-05-04T20:36:57Z">
          <reporter-output>
          </reporter-output>
        </test-method> <!-- tearDown -->
      </class> <!-- iosipov.pages.ActionsTest -->
    </test> <!-- Default test -->
  </suite> <!-- Default suite -->
</testng-results>
