<?xml version="1.0" encoding="UTF-8"?>
<testng-results skipped="0" failed="0" total="1" passed="1">
  <reporter-output>
  </reporter-output>
  <suite name="Default suite" duration-ms="19028" started-at="2015-05-04T14:21:28Z" finished-at="2015-05-04T14:21:47Z">
    <groups>
    </groups>
    <test name="Default test" duration-ms="19028" started-at="2015-05-04T14:21:28Z" finished-at="2015-05-04T14:21:47Z">
      <class name="iosipov.pages.ActionsTest">
        <test-method status="PASS" signature="init()[pri:0, instance:iosipov.pages.ActionsTest@4cdbe50f]" name="init" is-config="true" duration-ms="1618" started-at="2015-05-04T18:21:28Z" finished-at="2015-05-04T18:21:30Z">
          <reporter-output>
          </reporter-output>
        </test-method> <!-- init -->
        <test-method status="PASS" signature="addTest()[pri:0, instance:iosipov.pages.ActionsTest@4cdbe50f]" name="addTest" duration-ms="17382" started-at="2015-05-04T18:21:30Z" finished-at="2015-05-04T18:21:47Z">
          <reporter-output>
          </reporter-output>
        </test-method> <!-- addTest -->
        <test-method status="PASS" signature="tearDown()[pri:0, instance:iosipov.pages.ActionsTest@4cdbe50f]" name="tearDown" is-config="true" duration-ms="1" started-at="2015-05-04T18:21:48Z" finished-at="2015-05-04T18:21:48Z">
          <reporter-output>
          </reporter-output>
        </test-method> <!-- tearDown -->
      </class> <!-- iosipov.pages.ActionsTest -->
    </test> <!-- Default test -->
  </suite> <!-- Default suite -->
</testng-results>
